This is pdfTeX, Version 3.14159265-2.6-1.40.21 (TeX Live 2020) (preloaded format=pdflatex 2020.4.7)  29 JUL 2021 18:47
entering extended mode
 restricted \write18 enabled.
 %&-line parsing enabled.
**resume.cls
(./resume.cls
LaTeX2e <2020-02-02> patch level 5
L3 programming layer <2020-03-06>

! LaTeX Error: Command \bigcdot already defined.
               Or name \end... illegal, see p.192 of the manual.

See the LaTeX manual or LaTeX Companion for explanation.
Type  H <return>  for immediate help.
 ...                                              
                                                  
l.22 \newcommand*\bigcdot@
                          [2]{\mathbin{\vcenter{\hbox{\scalebox{#2}{$\m@th#1...

? 
! Emergency stop.
 ...                                              
                                                  
l.22 \newcommand*\bigcdot@
                          [2]{\mathbin{\vcenter{\hbox{\scalebox{#2}{$\m@th#1...

Your command was ignored.
Type  I <command> <return>  to replace it with another command,
or  <return>  to continue without it.

 
Here is how much of TeX's memory you used:
 19 strings out of 480608
 595 string characters out of 5903631
 239610 words of memory out of 5000000
 16010 multiletter control sequences out of 15000+600000
 532338 words of font info for 24 fonts, out of 8000000 for 9000
 1141 hyphenation exceptions out of 8191
 12i,0n,15p,105b,14s stack positions out of 5000i,500n,10000p,200000b,80000s
!  ==> Fatal error occurred, no output PDF file produced!
